<?xml version="1.0" encoding="UTF-8"?>
<!-- Generated by org.testng.reporters.JUnitXMLReporter -->
<testsuite ignored="0" hostname="DESKTOP-TRL4B08" failures="1" tests="29" name="PIDSRegression1" time="11.023" errors="0" timestamp="2023-02-03T00:09:22 BDT">
  <testcase classname="regression.PidsRegressionSuite" name="@AfterMethod capture" time="0.019">
    <failure type="org.openqa.selenium.remote.UnreachableBrowserException" message="Error communicating with the remote browser. It may have died.
Build info: version: &amp;apos;4.7.2&amp;apos;, revision: &amp;apos;4d4020c3b7&amp;apos;
System info: os.name: &amp;apos;Windows 10&amp;apos;, os.arch: &amp;apos;amd64&amp;apos;, os.version: &amp;apos;10.0&amp;apos;, java.version: &amp;apos;17.0.4.1&amp;apos;
Driver info: org.openqa.selenium.chrome.ChromeDriver
Command: [85756af8193599ffc68d2a99a2dd6035, screenshot {}]
Capabilities {acceptInsecureCerts: false, browserName: chrome, browserVersion: 109.0.5414.120, chrome: {chromedriverVersion: 109.0.5414.74 (e7c5703604da..., userDataDir: C:\Users\NItu\AppData\Local...}, goog:chromeOptions: {debuggerAddress: localhost:57354}, networkConnectionEnabled: false, pageLoadStrategy: normal, platformName: WINDOWS, proxy: Proxy(), se:cdp: ws://localhost:57354/devtoo..., se:cdpVersion: 109.0.5414.120, setWindowRect: true, strictFileInteractability: false, timeouts: {implicit: 0, pageLoad: 300000, script: 30000}, unhandledPromptBehavior: dismiss and notify, webauthn:extension:credBlob: true, webauthn:extension:largeBlob: true, webauthn:virtualAuthenticators: true}
Session ID: 85756af8193599ffc68d2a99a2dd6035">
      <![CDATA[org.openqa.selenium.remote.UnreachableBrowserException: Error communicating with the remote browser. It may have died.
Build info: version: '4.7.2', revision: '4d4020c3b7'
System info: os.name: 'Windows 10', os.arch: 'amd64', os.version: '10.0', java.version: '17.0.4.1'
Driver info: org.openqa.selenium.chrome.ChromeDriver
Command: [85756af8193599ffc68d2a99a2dd6035, screenshot {}]
Capabilities {acceptInsecureCerts: false, browserName: chrome, browserVersion: 109.0.5414.120, chrome: {chromedriverVersion: 109.0.5414.74 (e7c5703604da..., userDataDir: C:\Users\NItu\AppData\Local...}, goog:chromeOptions: {debuggerAddress: localhost:57354}, networkConnectionEnabled: false, pageLoadStrategy: normal, platformName: WINDOWS, proxy: Proxy(), se:cdp: ws://localhost:57354/devtoo..., se:cdpVersion: 109.0.5414.120, setWindowRect: true, strictFileInteractability: false, timeouts: {implicit: 0, pageLoad: 300000, script: 30000}, unhandledPromptBehavior: dismiss and notify, webauthn:extension:credBlob: true, webauthn:extension:largeBlob: true, webauthn:virtualAuthenticators: true}
Session ID: 85756af8193599ffc68d2a99a2dd6035
at org.openqa.selenium.remote.RemoteWebDriver.execute(RemoteWebDriver.java:559)
at org.openqa.selenium.remote.RemoteWebDriver.execute(RemoteWebDriver.java:590)
at org.openqa.selenium.remote.RemoteWebDriver.execute(RemoteWebDriver.java:594)
at org.openqa.selenium.remote.RemoteWebDriver.getScreenshotAs(RemoteWebDriver.java:317)
at util.CaptureScreenshots.takeSnap(CaptureScreenshots.java:22)
at regression.PidsRegressionSuite.capture(PidsRegressionSuite.java:296)
at java.base/java.util.ArrayList.forEach(ArrayList.java:1511)
Caused by: java.io.UncheckedIOException: java.net.ConnectException: Connection refused: no further information: localhost/[0:0:0:0:0:0:0:1]:46729
at org.openqa.selenium.remote.http.netty.NettyHttpHandler.makeCall(NettyHttpHandler.java:73)
at org.openqa.selenium.remote.http.AddSeleniumUserAgent.lambda$apply$0(AddSeleniumUserAgent.java:42)
at org.openqa.selenium.remote.http.Filter.lambda$andFinally$1(Filter.java:56)
at org.openqa.selenium.remote.http.netty.NettyHttpHandler.execute(NettyHttpHandler.java:49)
at org.openqa.selenium.remote.http.AddSeleniumUserAgent.lambda$apply$0(AddSeleniumUserAgent.java:42)
at org.openqa.selenium.remote.http.Filter.lambda$andFinally$1(Filter.java:56)
at org.openqa.selenium.remote.http.netty.NettyClient.execute(NettyClient.java:99)
at org.openqa.selenium.remote.HttpCommandExecutor.execute(HttpCommandExecutor.java:181)
at org.openqa.selenium.remote.service.DriverCommandExecutor.invokeExecute(DriverCommandExecutor.java:167)
at org.openqa.selenium.remote.service.DriverCommandExecutor.execute(DriverCommandExecutor.java:142)
at org.openqa.selenium.remote.RemoteWebDriver.execute(RemoteWebDriver.java:535)
... 38 more
Caused by: java.net.ConnectException: Connection refused: no further information: localhost/[0:0:0:0:0:0:0:1]:46729
at org.asynchttpclient.netty.channel.NettyConnectListener.onFailure(NettyConnectListener.java:179)
at org.asynchttpclient.netty.channel.NettyChannelConnector$1.onFailure(NettyChannelConnector.java:108)
at org.asynchttpclient.netty.SimpleChannelFutureListener.operationComplete(SimpleChannelFutureListener.java:28)
at org.asynchttpclient.netty.SimpleChannelFutureListener.operationComplete(SimpleChannelFutureListener.java:20)
at io.netty.util.concurrent.DefaultPromise.notifyListener0(DefaultPromise.java:578)
at io.netty.util.concurrent.DefaultPromise.notifyListeners0(DefaultPromise.java:571)
at io.netty.util.concurrent.DefaultPromise.notifyListenersNow(DefaultPromise.java:550)
at io.netty.util.concurrent.DefaultPromise.notifyListeners(DefaultPromise.java:491)
at io.netty.util.concurrent.DefaultPromise.setValue0(DefaultPromise.java:616)
at io.netty.util.concurrent.DefaultPromise.setFailure0(DefaultPromise.java:609)
at io.netty.util.concurrent.DefaultPromise.tryFailure(DefaultPromise.java:117)
at io.netty.channel.nio.AbstractNioChannel$AbstractNioUnsafe.fulfillConnectPromise(AbstractNioChannel.java:321)
at io.netty.channel.nio.AbstractNioChannel$AbstractNioUnsafe.finishConnect(AbstractNioChannel.java:337)
at io.netty.channel.nio.NioEventLoop.processSelectedKey(NioEventLoop.java:776)
at io.netty.channel.nio.NioEventLoop.processSelectedKeysOptimized(NioEventLoop.java:724)
at io.netty.channel.nio.NioEventLoop.processSelectedKeys(NioEventLoop.java:650)
at io.netty.channel.nio.NioEventLoop.run(NioEventLoop.java:562)
at io.netty.util.concurrent.SingleThreadEventExecutor$4.run(SingleThreadEventExecutor.java:997)
at io.netty.util.internal.ThreadExecutorMap$2.run(ThreadExecutorMap.java:74)
at io.netty.util.concurrent.FastThreadLocalRunnable.run(FastThreadLocalRunnable.java:30)
at java.base/java.lang.Thread.run(Thread.java:833)
Caused by: io.netty.channel.AbstractChannel$AnnotatedConnectException: Connection refused: no further information: localhost/[0:0:0:0:0:0:0:1]:46729
Caused by: java.net.ConnectException: Connection refused: no further information
at java.base/sun.nio.ch.Net.pollConnect(Native Method)
at java.base/sun.nio.ch.Net.pollConnectNow(Net.java:672)
at java.base/sun.nio.ch.SocketChannelImpl.finishConnect(SocketChannelImpl.java:946)
at io.netty.channel.socket.nio.NioSocketChannel.doFinishConnect(NioSocketChannel.java:337)
at io.netty.channel.nio.AbstractNioChannel$AbstractNioUnsafe.finishConnect(AbstractNioChannel.java:334)
at io.netty.channel.nio.NioEventLoop.processSelectedKey(NioEventLoop.java:776)
at io.netty.channel.nio.NioEventLoop.processSelectedKeysOptimized(NioEventLoop.java:724)
at io.netty.channel.nio.NioEventLoop.processSelectedKeys(NioEventLoop.java:650)
at io.netty.channel.nio.NioEventLoop.run(NioEventLoop.java:562)
at io.netty.util.concurrent.SingleThreadEventExecutor$4.run(SingleThreadEventExecutor.java:997)
at io.netty.util.internal.ThreadExecutorMap$2.run(ThreadExecutorMap.java:74)
at io.netty.util.concurrent.FastThreadLocalRunnable.run(FastThreadLocalRunnable.java:30)
at java.base/java.lang.Thread.run(Thread.java:833)
... Removed 32 stack frames]]>
    </failure>
  </testcase> <!-- @AfterMethod capture -->
  <testcase classname="regression.PidsRegressionSuite" name="@AfterMethod capture" time="0.0">
    <skipped/>
  </testcase> <!-- @AfterMethod capture -->
  <testcase classname="regression.PidsRegressionSuite" name="@AfterMethod capture" time="0.0">
    <skipped/>
  </testcase> <!-- @AfterMethod capture -->
  <testcase classname="regression.PidsRegressionSuite" name="@AfterMethod capture" time="0.0">
    <skipped/>
  </testcase> <!-- @AfterMethod capture -->
  <testcase classname="regression.PidsRegressionSuite" name="@AfterMethod capture" time="0.0">
    <skipped/>
  </testcase> <!-- @AfterMethod capture -->
  <testcase classname="regression.PidsRegressionSuite" name="@AfterMethod capture" time="0.0">
    <skipped/>
  </testcase> <!-- @AfterMethod capture -->
  <testcase classname="regression.PidsRegressionSuite" name="@AfterMethod capture" time="0.0">
    <skipped/>
  </testcase> <!-- @AfterMethod capture -->
  <testcase classname="regression.PidsRegressionSuite" name="@AfterMethod capture" time="0.0">
    <skipped/>
  </testcase> <!-- @AfterMethod capture -->
  <testcase classname="regression.PidsRegressionSuite" name="@AfterMethod capture" time="0.0">
    <skipped/>
  </testcase> <!-- @AfterMethod capture -->
  <testcase classname="regression.PidsRegressionSuite" name="@AfterMethod capture" time="0.0">
    <skipped/>
  </testcase> <!-- @AfterMethod capture -->
  <testcase classname="regression.PidsRegressionSuite" name="@AfterMethod capture" time="0.0">
    <skipped/>
  </testcase> <!-- @AfterMethod capture -->
  <testcase classname="regression.PidsRegressionSuite" name="@AfterMethod capture" time="0.0">
    <skipped/>
  </testcase> <!-- @AfterMethod capture -->
  <testcase classname="regression.PidsRegressionSuite" name="@AfterMethod capture" time="0.0">
    <skipped/>
  </testcase> <!-- @AfterMethod capture -->
  <testcase classname="regression.PidsRegressionSuite" name="@AfterMethod capture" time="0.0">
    <skipped/>
  </testcase> <!-- @AfterMethod capture -->
  <testcase classname="regression.PidsRegressionSuite" name="@AfterMethod capture" time="0.0">
    <skipped/>
  </testcase> <!-- @AfterMethod capture -->
  <testcase classname="regression.PidsRegressionSuite" name="@AfterMethod capture" time="0.0">
    <skipped/>
  </testcase> <!-- @AfterMethod capture -->
  <testcase classname="regression.PidsRegressionSuite" name="@AfterMethod capture" time="0.0">
    <skipped/>
  </testcase> <!-- @AfterMethod capture -->
  <testcase classname="regression.PidsRegressionSuite" name="@AfterMethod capture" time="0.0">
    <skipped/>
  </testcase> <!-- @AfterMethod capture -->
  <testcase classname="regression.PidsRegressionSuite" name="@AfterMethod capture" time="0.0">
    <skipped/>
  </testcase> <!-- @AfterMethod capture -->
  <testcase classname="regression.PidsRegressionSuite" name="@AfterMethod capture" time="0.0">
    <skipped/>
  </testcase> <!-- @AfterMethod capture -->
  <testcase classname="regression.PidsRegressionSuite" name="@AfterMethod capture" time="0.0">
    <skipped/>
  </testcase> <!-- @AfterMethod capture -->
  <testcase classname="regression.PidsRegressionSuite" name="@AfterMethod capture" time="0.0">
    <skipped/>
  </testcase> <!-- @AfterMethod capture -->
  <testcase classname="regression.PidsRegressionSuite" name="@AfterMethod capture" time="0.0">
    <skipped/>
  </testcase> <!-- @AfterMethod capture -->
  <testcase classname="regression.PidsRegressionSuite" name="@AfterMethod capture" time="0.0">
    <skipped/>
  </testcase> <!-- @AfterMethod capture -->
  <testcase classname="regression.PidsRegressionSuite" name="@AfterMethod capture" time="0.0">
    <skipped/>
  </testcase> <!-- @AfterMethod capture -->
  <testcase classname="regression.PidsRegressionSuite" name="@AfterMethod capture" time="0.0">
    <skipped/>
  </testcase> <!-- @AfterMethod capture -->
  <testcase classname="regression.PidsRegressionSuite" name="@AfterMethod capture" time="0.0">
    <skipped/>
  </testcase> <!-- @AfterMethod capture -->
  <testcase classname="regression.PidsRegressionSuite" name="@AfterMethod capture" time="0.0">
    <skipped/>
  </testcase> <!-- @AfterMethod capture -->
  <testcase classname="regression.PidsRegressionSuite" name="@AfterMethod capture" time="0.0">
    <skipped/>
  </testcase> <!-- @AfterMethod capture -->
  <testcase classname="regression.PidsRegressionSuite" name="@AfterTest Quit" time="0.0">
    <skipped/>
  </testcase> <!-- @AfterTest Quit -->
  <testcase classname="regression.PidsRegressionSuite" name="launchPIDS" time="6.589">
    <failure type="org.openqa.selenium.remote.UnreachableBrowserException" message="Error communicating with the remote browser. It may have died.
Build info: version: &amp;apos;4.7.2&amp;apos;, revision: &amp;apos;4d4020c3b7&amp;apos;
System info: os.name: &amp;apos;Windows 10&amp;apos;, os.arch: &amp;apos;amd64&amp;apos;, os.version: &amp;apos;10.0&amp;apos;, java.version: &amp;apos;17.0.4.1&amp;apos;
Driver info: org.openqa.selenium.chrome.ChromeDriver
Command: [85756af8193599ffc68d2a99a2dd6035, get {url=http://192.168.1.138:9009/ntmc_admin_portal/login/}]
Capabilities {acceptInsecureCerts: false, browserName: chrome, browserVersion: 109.0.5414.120, chrome: {chromedriverVersion: 109.0.5414.74 (e7c5703604da..., userDataDir: C:\Users\NItu\AppData\Local...}, goog:chromeOptions: {debuggerAddress: localhost:57354}, networkConnectionEnabled: false, pageLoadStrategy: normal, platformName: WINDOWS, proxy: Proxy(), se:cdp: ws://localhost:57354/devtoo..., se:cdpVersion: 109.0.5414.120, setWindowRect: true, strictFileInteractability: false, timeouts: {implicit: 0, pageLoad: 300000, script: 30000}, unhandledPromptBehavior: dismiss and notify, webauthn:extension:credBlob: true, webauthn:extension:largeBlob: true, webauthn:virtualAuthenticators: true}
Session ID: 85756af8193599ffc68d2a99a2dd6035">
      <![CDATA[org.openqa.selenium.remote.UnreachableBrowserException: Error communicating with the remote browser. It may have died.
Build info: version: '4.7.2', revision: '4d4020c3b7'
System info: os.name: 'Windows 10', os.arch: 'amd64', os.version: '10.0', java.version: '17.0.4.1'
Driver info: org.openqa.selenium.chrome.ChromeDriver
Command: [85756af8193599ffc68d2a99a2dd6035, get {url=http://192.168.1.138:9009/ntmc_admin_portal/login/}]
Capabilities {acceptInsecureCerts: false, browserName: chrome, browserVersion: 109.0.5414.120, chrome: {chromedriverVersion: 109.0.5414.74 (e7c5703604da..., userDataDir: C:\Users\NItu\AppData\Local...}, goog:chromeOptions: {debuggerAddress: localhost:57354}, networkConnectionEnabled: false, pageLoadStrategy: normal, platformName: WINDOWS, proxy: Proxy(), se:cdp: ws://localhost:57354/devtoo..., se:cdpVersion: 109.0.5414.120, setWindowRect: true, strictFileInteractability: false, timeouts: {implicit: 0, pageLoad: 300000, script: 30000}, unhandledPromptBehavior: dismiss and notify, webauthn:extension:credBlob: true, webauthn:extension:largeBlob: true, webauthn:virtualAuthenticators: true}
Session ID: 85756af8193599ffc68d2a99a2dd6035
at org.openqa.selenium.remote.RemoteWebDriver.execute(RemoteWebDriver.java:559)
at org.openqa.selenium.remote.RemoteWebDriver.get(RemoteWebDriver.java:296)
at pages.LoginPage.lunchPIDS(LoginPage.java:27)
at regression.PidsRegressionSuite.launchPIDS(PidsRegressionSuite.java:56)
at java.base/java.util.ArrayList.forEach(ArrayList.java:1511)
Caused by: java.io.UncheckedIOException: java.net.SocketException: Connection reset
at org.openqa.selenium.remote.http.netty.NettyHttpHandler.makeCall(NettyHttpHandler.java:73)
at org.openqa.selenium.remote.http.AddSeleniumUserAgent.lambda$apply$0(AddSeleniumUserAgent.java:42)
at org.openqa.selenium.remote.http.Filter.lambda$andFinally$1(Filter.java:56)
at org.openqa.selenium.remote.http.netty.NettyHttpHandler.execute(NettyHttpHandler.java:49)
at org.openqa.selenium.remote.http.AddSeleniumUserAgent.lambda$apply$0(AddSeleniumUserAgent.java:42)
at org.openqa.selenium.remote.http.Filter.lambda$andFinally$1(Filter.java:56)
at org.openqa.selenium.remote.http.netty.NettyClient.execute(NettyClient.java:99)
at org.openqa.selenium.remote.HttpCommandExecutor.execute(HttpCommandExecutor.java:181)
at org.openqa.selenium.remote.service.DriverCommandExecutor.invokeExecute(DriverCommandExecutor.java:167)
at org.openqa.selenium.remote.service.DriverCommandExecutor.execute(DriverCommandExecutor.java:142)
at org.openqa.selenium.remote.RemoteWebDriver.execute(RemoteWebDriver.java:535)
... 31 more
Caused by: java.net.SocketException: Connection reset
at java.base/sun.nio.ch.SocketChannelImpl.throwConnectionReset(SocketChannelImpl.java:394)
at java.base/sun.nio.ch.SocketChannelImpl.read(SocketChannelImpl.java:426)
at io.netty.buffer.PooledByteBuf.setBytes(PooledByteBuf.java:259)
at io.netty.buffer.AbstractByteBuf.writeBytes(AbstractByteBuf.java:1132)
at io.netty.channel.socket.nio.NioSocketChannel.doReadBytes(NioSocketChannel.java:357)
at io.netty.channel.nio.AbstractNioByteChannel$NioByteUnsafe.read(AbstractNioByteChannel.java:151)
at io.netty.channel.nio.NioEventLoop.processSelectedKey(NioEventLoop.java:788)
at io.netty.channel.nio.NioEventLoop.processSelectedKeysOptimized(NioEventLoop.java:724)
at io.netty.channel.nio.NioEventLoop.processSelectedKeys(NioEventLoop.java:650)
at io.netty.channel.nio.NioEventLoop.run(NioEventLoop.java:562)
at io.netty.util.concurrent.SingleThreadEventExecutor$4.run(SingleThreadEventExecutor.java:997)
at io.netty.util.internal.ThreadExecutorMap$2.run(ThreadExecutorMap.java:74)
at io.netty.util.concurrent.FastThreadLocalRunnable.run(FastThreadLocalRunnable.java:30)
at java.base/java.lang.Thread.run(Thread.java:833)
... Removed 27 stack frames]]>
    </failure>
  </testcase> <!-- launchPIDS -->
  <testcase classname="regression.PidsRegressionSuite" name="loginPIDS" time="0.001">
    <skipped/>
  </testcase> <!-- loginPIDS -->
  <testcase classname="regression.PidsRegressionSuite" name="openUserManagement" time="0.0">
    <skipped/>
  </testcase> <!-- openUserManagement -->
  <testcase classname="regression.PidsRegressionSuite" name="createUser" time="0.0">
    <skipped/>
  </testcase> <!-- createUser -->
  <testcase classname="regression.PidsRegressionSuite" name="searchUser" time="0.0">
    <skipped/>
  </testcase> <!-- searchUser -->
  <testcase classname="regression.PidsRegressionSuite" name="updateUser" time="0.001">
    <skipped/>
  </testcase> <!-- updateUser -->
  <testcase classname="regression.PidsRegressionSuite" name="openRoleManagement" time="0.0">
    <skipped/>
  </testcase> <!-- openRoleManagement -->
  <testcase classname="regression.PidsRegressionSuite" name="createRole" time="0.0">
    <skipped/>
  </testcase> <!-- createRole -->
  <testcase classname="regression.PidsRegressionSuite" name="clearCache" time="0.0">
    <skipped/>
  </testcase> <!-- clearCache -->
  <testcase classname="regression.PidsRegressionSuite" name="searchRole" time="0.0">
    <skipped/>
  </testcase> <!-- searchRole -->
  <testcase classname="regression.PidsRegressionSuite" name="updatehRole" time="0.0">
    <skipped/>
  </testcase> <!-- updatehRole -->
  <testcase classname="regression.PidsRegressionSuite" name="launchUserAssignment" time="0.0">
    <skipped/>
  </testcase> <!-- launchUserAssignment -->
  <testcase classname="regression.PidsRegressionSuite" name="assignUser" time="0.0">
    <skipped/>
  </testcase> <!-- assignUser -->
  <testcase classname="regression.PidsRegressionSuite" name="createPrison" time="0.0">
    <skipped/>
  </testcase> <!-- createPrison -->
  <testcase classname="regression.PidsRegressionSuite" name="searchPrison" time="0.0">
    <skipped/>
  </testcase> <!-- searchPrison -->
  <testcase classname="regression.PidsRegressionSuite" name="updatePrison" time="0.0">
    <skipped/>
  </testcase> <!-- updatePrison -->
  <testcase classname="regression.PidsRegressionSuite" name="createLookup" time="0.0">
    <skipped/>
  </testcase> <!-- createLookup -->
  <testcase classname="regression.PidsRegressionSuite" name="searchLookup" time="0.0">
    <skipped/>
  </testcase> <!-- searchLookup -->
  <testcase classname="regression.PidsRegressionSuite" name="updateLookup" time="0.0">
    <skipped/>
  </testcase> <!-- updateLookup -->
  <testcase classname="regression.PidsRegressionSuite" name="openSearch" time="0.0">
    <skipped/>
  </testcase> <!-- openSearch -->
  <testcase classname="regression.PidsRegressionSuite" name="seachByPrisonerID" time="0.0">
    <skipped/>
  </testcase> <!-- seachByPrisonerID -->
  <testcase classname="regression.PidsRegressionSuite" name="seachByPrisonerName" time="0.0">
    <skipped/>
  </testcase> <!-- seachByPrisonerName -->
  <testcase classname="regression.PidsRegressionSuite" name="seachByNID" time="0.0">
    <skipped/>
  </testcase> <!-- seachByNID -->
  <testcase classname="regression.PidsRegressionSuite" name="seachByCaseNo" time="0.0">
    <skipped/>
  </testcase> <!-- seachByCaseNo -->
  <testcase classname="regression.PidsRegressionSuite" name="advancedSearch" time="0.001">
    <skipped/>
  </testcase> <!-- advancedSearch -->
  <testcase classname="regression.PidsRegressionSuite" name="openAFIS" time="0.0">
    <skipped/>
  </testcase> <!-- openAFIS -->
  <testcase classname="regression.PidsRegressionSuite" name="matchVerifiedAFIS" time="0.0">
    <skipped/>
  </testcase> <!-- matchVerifiedAFIS -->
  <testcase classname="regression.PidsRegressionSuite" name="matchClearAFIS" time="0.0">
    <skipped/>
  </testcase> <!-- matchClearAFIS -->
  <testcase classname="regression.PidsRegressionSuite" name="viewFingerPrints" time="0.001">
    <skipped/>
  </testcase> <!-- viewFingerPrints -->
</testsuite> <!-- PIDSRegression1 -->
